<?xml version="1.0" encoding="UTF-8"?>
<!-- Generated by org.testng.reporters.JUnitReportReporter -->
<testsuite hostname="DESKTOP-HM5G61C" failures="0" tests="3" name="com.class4.DataProviderTest" time="0.009" errors="0" timestamp="07 Jun 2019 01:40:05 GMT" skipped="0">
  <testcase classname="com.class4.DataProviderTest" name="getData" time="0.001"/>
  <testcase classname="com.class4.DataProviderTest" name="getData" time="0.001"/>
  <testcase classname="com.class4.DataProviderTest" name="getData" time="0.007"/>
</testsuite> <!-- com.class4.DataProviderTest -->
