<?xml version="1.0" encoding="UTF-8"?>
<!-- Generated by org.testng.reporters.JUnitReportReporter -->
<testsuite hostname="DESKTOP-HM5G61C" failures="0" tests="1" name="com.class2.Test_2" time="4.710" errors="0" timestamp="31 May 2019 00:02:05 GMT" skipped="0">
  <testcase classname="com.class2.Test_2" name="logIn" time="4.710"/>
</testsuite> <!-- com.class2.Test_2 -->
