<?xml version="1.0" encoding="UTF-8"?>
<!-- Generated by org.testng.reporters.JUnitReportReporter -->
<testsuite hostname="DESKTOP-HM5G61C" failures="0" tests="4" name="com.class5.HM2users" time="4.834" errors="0" timestamp="12 Jun 2019 01:34:44 GMT" skipped="0">
  <testcase classname="com.class5.HM2users" name="addingUsers" time="0.969"/>
  <testcase classname="com.class5.HM2users" name="addingUsers" time="1.473"/>
  <testcase classname="com.class5.HM2users" name="addingUsers" time="1.052"/>
  <testcase classname="com.class5.HM2users" name="addingUsers" time="1.340"/>
</testsuite> <!-- com.class5.HM2users -->
