<?xml version="1.0" encoding="UTF-8"?>
<!-- Generated by org.testng.reporters.JUnitReportReporter -->
<testsuite hostname="DESKTOP-HM5G61C" failures="0" tests="1" name="com.class1.orangehrm" time="4.646" errors="0" timestamp="31 May 2019 01:57:56 GMT" skipped="0">
  <testcase classname="com.class1.orangehrm" name="logIn" time="4.646"/>
</testsuite> <!-- com.class1.orangehrm -->
