<?xml version="1.0" encoding="UTF-8"?>
<!-- Generated by org.testng.reporters.JUnitReportReporter -->
<testsuite hostname="DESKTOP-HM5G61C" failures="0" tests="1" name="com.class4.ParameterExempleTwo" time="4.782" errors="0" timestamp="07 Jun 2019 00:58:43 GMT" skipped="0">
  <testcase classname="com.class4.ParameterExempleTwo" name="testGoogle" time="4.782"/>
</testsuite> <!-- com.class4.ParameterExempleTwo -->
