<?xml version="1.0" encoding="UTF-8"?>
<!-- Generated by org.testng.reporters.JUnitReportReporter -->
<testsuite hostname="DESKTOP-HM5G61C" failures="0" tests="3" name="com.class2.smartbears_LOGIN" time="0.540" errors="0" timestamp="31 May 2019 17:14:53 GMT" skipped="0">
  <testcase classname="com.class2.smartbears_LOGIN" name="loginScreenTitle" time="0.016"/>
  <testcase classname="com.class2.smartbears_LOGIN" name="logIn" time="0.485"/>
  <testcase classname="com.class2.smartbears_LOGIN" name="webOrders" time="0.039"/>
</testsuite> <!-- com.class2.smartbears_LOGIN -->
