<?xml version="1.0" encoding="UTF-8"?>
<!-- Generated by org.testng.reporters.JUnitReportReporter -->
<testsuite hostname="DESKTOP-HM5G61C" failures="0" tests="2" name="com.class1.beforeAndAfterMethod" time="0.012" errors="0" timestamp="31 May 2019 01:57:56 GMT" skipped="0">
  <testcase classname="com.class1.beforeAndAfterMethod" name="testMethodTwo" time="0.003"/>
  <testcase classname="com.class1.beforeAndAfterMethod" name="testMethodOne" time="0.009"/>
</testsuite> <!-- com.class1.beforeAndAfterMethod -->
