<?xml version="1.0" encoding="UTF-8"?>
<!-- Generated by org.testng.reporters.JUnitReportReporter -->
<testsuite hostname="DESKTOP-HM5G61C" failures="0" tests="3" name="com.class3_Dependency.DependsOnGroups" time="0.009" errors="0" timestamp="06 Jun 2019 01:45:37 GMT" skipped="0">
  <testcase classname="com.class3_Dependency.DependsOnGroups" name="three" time="0.001"/>
  <testcase classname="com.class3_Dependency.DependsOnGroups" name="one" time="0.007"/>
  <testcase classname="com.class3_Dependency.DependsOnGroups" name="two" time="0.001"/>
</testsuite> <!-- com.class3_Dependency.DependsOnGroups -->
