<?xml version="1.0" encoding="UTF-8"?>
<!-- Generated by org.testng.reporters.JUnitReportReporter -->
<testsuite hostname="DESKTOP-HM5G61C" failures="0" tests="1" name="com.class3_Dependency.TC_1" time="0.965" errors="0" timestamp="07 Jun 2019 00:11:07 GMT" skipped="0">
  <testcase classname="com.class3_Dependency.TC_1" name="userOne" time="0.965"/>
</testsuite> <!-- com.class3_Dependency.TC_1 -->
