<?xml version="1.0" encoding="UTF-8"?>
<!-- Generated by org.testng.reporters.JUnitReportReporter -->
<testsuite hostname="DESKTOP-HM5G61C" failures="0" tests="2" name="com.Practice.TestOfall" time="24.230" errors="0" timestamp="12 Jun 2019 17:53:50 GMT" skipped="0">
  <testcase classname="com.Practice.TestOfall" name="openNameOne" time="10.748"/>
  <testcase classname="com.Practice.TestOfall" name="openNameOne" time="13.482"/>
</testsuite> <!-- com.Practice.TestOfall -->
