<?xml version="1.0" encoding="UTF-8"?>
<!-- Generated by org.testng.reporters.JUnitReportReporter -->
<testsuite hostname="DESKTOP-HM5G61C" failures="0" tests="2" name="com.class2.SoftHardTest" time="0.079" errors="0" timestamp="31 May 2019 17:15:50 GMT" skipped="0">
  <testcase classname="com.class2.SoftHardTest" name="Logo" time="0.063"/>
  <testcase classname="com.class2.SoftHardTest" name="LogInScreen" time="0.016"/>
</testsuite> <!-- com.class2.SoftHardTest -->
