<?xml version="1.0" encoding="UTF-8"?>
<!-- Generated by org.testng.reporters.JUnitReportReporter -->
<testsuite hostname="DESKTOP-HM5G61C" failures="0" tests="2" name="com.class2.ExecutionOrder" time="1.067" errors="0" timestamp="30 May 2019 23:38:28 GMT" skipped="0">
  <testcase classname="com.class2.ExecutionOrder" name="login" time="0.994"/>
  <testcase classname="com.class2.ExecutionOrder" name="mainPage" time="0.073"/>
</testsuite> <!-- com.class2.ExecutionOrder -->
