<?xml version="1.0" encoding="UTF-8"?>
<!-- Generated by org.testng.reporters.JUnitReportReporter -->
<testsuite hostname="DESKTOP-HM5G61C" failures="0" tests="3" name="com.class4.FirstClass" time="12.689" errors="0" timestamp="11 Jun 2019 19:16:57 GMT" skipped="0">
  <testcase classname="com.class4.FirstClass" name="run" time="0.678"/>
  <testcase classname="com.class4.FirstClass" name="chrome" time="6.934"/>
  <testcase classname="com.class4.FirstClass" name="chrome" time="5.077"/>
</testsuite> <!-- com.class4.FirstClass -->
