<?xml version="1.0" encoding="UTF-8"?>
<!-- Generated by org.testng.reporters.JUnitReportReporter -->
<testsuite hostname="DESKTOP-HM5G61C" failures="0" tests="2" name="com.class4.ParametersSauceDemo" time="9.612" errors="0" timestamp="07 Jun 2019 01:27:59 GMT" skipped="0">
  <testcase classname="com.class4.ParametersSauceDemo" name="UsernameOne" time="4.615"/>
  <testcase classname="com.class4.ParametersSauceDemo" name="UsernameTwo" time="4.997"/>
</testsuite> <!-- com.class4.ParametersSauceDemo -->
