<?xml version="1.0" encoding="UTF-8"?>
<!-- Generated by org.testng.reporters.JUnitReportReporter -->
<testsuite hostname="DESKTOP-HM5G61C" failures="0" tests="3" name="com.class2.AriffMethod" time="0.495" errors="0" timestamp="31 May 2019 00:39:18 GMT" skipped="0">
  <testcase classname="com.class2.AriffMethod" name="loginScreenTitle" time="0.013"/>
  <testcase classname="com.class2.AriffMethod" name="login" time="0.445"/>
  <testcase classname="com.class2.AriffMethod" name="webOrders" time="0.037"/>
</testsuite> <!-- com.class2.AriffMethod -->
