<?xml version="1.0" encoding="UTF-8"?>
<!-- Generated by org.testng.reporters.JUnitReportReporter -->
<testsuite hostname="DESKTOP-HM5G61C" failures="0" tests="2" name="com.class3_Dependency.GroupsExample" time="0.002" errors="0" timestamp="06 Jun 2019 00:57:53 GMT" skipped="0">
  <testcase classname="com.class3_Dependency.GroupsExample" name="Three" time="0.001"/>
  <testcase classname="com.class3_Dependency.GroupsExample" name="One" time="0.001"/>
</testsuite> <!-- com.class3_Dependency.GroupsExample -->
