<?xml version="1.0" encoding="UTF-8"?>
<!-- Generated by org.testng.reporters.JUnitReportReporter -->
<testsuite hostname="DESKTOP-HM5G61C" failures="0" tests="7" name="com.Practice.BhtTest" time="3.995" errors="0" timestamp="09 Jun 2019 02:56:00 GMT" skipped="0">
  <testcase classname="com.Practice.BhtTest" name="logIn" time="0.442"/>
  <testcase classname="com.Practice.BhtTest" name="creatingUserOne" time="0.998"/>
  <testcase classname="com.Practice.BhtTest" name="creatingUserTwo" time="0.917"/>
  <testcase classname="com.Practice.BhtTest" name="userOneVerification" time="0.518"/>
  <testcase classname="com.Practice.BhtTest" name="userTwoVerification" time="0.553"/>
  <testcase classname="com.Practice.BhtTest" name="validationOfTheFirstUser" time="0.420"/>
  <testcase classname="com.Practice.BhtTest" name="validationOfTheSecondUser" time="0.147"/>
</testsuite> <!-- com.Practice.BhtTest -->
