<?xml version="1.0" encoding="UTF-8"?>
<!-- Generated by org.testng.reporters.JUnitReportReporter -->
<testsuite hostname="DESKTOP-HM5G61C" failures="0" tests="3" name="com.class3_Dependency.BasicXMLPartOne" time="0.003" errors="0" timestamp="05 Jun 2019 23:34:01 GMT" skipped="0">
  <testcase classname="com.class3_Dependency.BasicXMLPartOne" name="testSecondFromBasic1" time="0.001"/>
  <testcase classname="com.class3_Dependency.BasicXMLPartOne" name="testOneFromBasic1" time="0.001"/>
  <testcase classname="com.class3_Dependency.BasicXMLPartOne" name="testThirdFromBasic1" time="0.001"/>
</testsuite> <!-- com.class3_Dependency.BasicXMLPartOne -->
