<?xml version="1.0" encoding="UTF-8"?>
<!-- Generated by org.testng.reporters.JUnitReportReporter -->
<testsuite hostname="DESKTOP-HM5G61C" failures="0" tests="3" name="com.class1.test" time="0.010" errors="0" timestamp="29 May 2019 01:14:28 GMT" skipped="0">
  <testcase classname="com.class1.test" name="test" time="0.000"/>
  <testcase classname="com.class1.test" name="a" time="0.008"/>
  <testcase classname="com.class1.test" name="b" time="0.002"/>
</testsuite> <!-- com.class1.test -->
