<?xml version="1.0" encoding="UTF-8"?>
<!-- Generated by org.testng.reporters.JUnitReportReporter -->
<testsuite hostname="DESKTOP-HM5G61C" failures="0" tests="1" name="com.class4.SouceDemo" time="4.638" errors="0" timestamp="07 Jun 2019 00:15:21 GMT" skipped="0">
  <testcase classname="com.class4.SouceDemo" name="UsernameTwo" time="4.638"/>
</testsuite> <!-- com.class4.SouceDemo -->
