<?xml version="1.0" encoding="UTF-8"?>
<!-- Generated by org.testng.reporters.JUnitReportReporter -->
<testsuite hostname="DESKTOP-HM5G61C" failures="0" tests="4" name="com.class2.priority" time="0.013" errors="0" timestamp="30 May 2019 23:29:23 GMT" skipped="0">
  <testcase classname="com.class2.priority" name="first" time="0.010"/>
  <testcase classname="com.class2.priority" name="second" time="0.001"/>
  <testcase classname="com.class2.priority" name="third" time="0.001"/>
  <testcase classname="com.class2.priority" name="fourth" time="0.001"/>
</testsuite> <!-- com.class2.priority -->
