<?xml version="1.0" encoding="UTF-8"?>
<!-- Generated by org.testng.reporters.JUnitReportReporter -->
<testsuite hostname="DESKTOP-HM5G61C" failures="0" tests="5" name="com.class2.TC1Lola" time="12.655" errors="0" timestamp="06 Jun 2019 14:14:03 GMT" skipped="0">
  <testcase classname="com.class2.TC1Lola" name="title" time="0.015"/>
  <testcase classname="com.class2.TC1Lola" name="logIn" time="0.899"/>
  <testcase classname="com.class2.TC1Lola" name="addEmployee" time="1.843"/>
  <testcase classname="com.class2.TC1Lola" name="employeeDetailsVerification" time="7.500"/>
  <testcase classname="com.class2.TC1Lola" name="logout" time="2.398"/>
</testsuite> <!-- com.class2.TC1Lola -->
