<?xml version="1.0" encoding="UTF-8"?>
<!-- Generated by org.testng.reporters.JUnitReportReporter -->
<testsuite hostname="DESKTOP-HM5G61C" failures="0" tests="5" name="com.class2.TC1" time="7.527" errors="0" timestamp="06 Jun 2019 15:05:37 GMT" skipped="0">
  <testcase classname="com.class2.TC1" name="title" time="0.013"/>
  <testcase classname="com.class2.TC1" name="logIn" time="0.864"/>
  <testcase classname="com.class2.TC1" name="addEmployee" time="1.775"/>
  <testcase classname="com.class2.TC1" name="employeeDetailsVerification" time="3.627"/>
  <testcase classname="com.class2.TC1" name="removingEmployee" time="1.248"/>
</testsuite> <!-- com.class2.TC1 -->
